-------------------------------------------------------------------------------
Test set: com.example.service.impl.CategoryServiceImplTest
-------------------------------------------------------------------------------
Tests run: 1, Failures: 0, Errors: 1, Skipped: 0, Time elapsed: 0.005 s <<< FAILURE! - in com.example.service.impl.CategoryServiceImplTest
com.example.service.impl.CategoryServiceImplTest  Time elapsed: 0.005 s  <<< ERROR!
com.auth0.jwt.exceptions.TokenExpiredException: The Token has expired on 2024-06-23T02:58:17Z.
	at com.example.service.impl.CategoryServiceImplTest.init(CategoryServiceImplTest.java:26)

