<?xml version="1.0" encoding="UTF-8"?>
<testsuite xmlns:xsi="http://www.w3.org/2001/XMLSchema-instance" xsi:noNamespaceSchemaLocation="https://maven.apache.org/surefire/maven-surefire-plugin/xsd/surefire-test-report.xsd" name="com.example.controller.ArticleControllerTest" time="0.037" tests="6" errors="0" skipped="0" failures="0">
  <properties>
[...]
</properties>
  <testcase name="findArticleById" classname="com.example.controller.ArticleControllerTest" time="0.02"/>
  <testcase name="findArticleOnlyRead" classname="com.example.controller.ArticleControllerTest" time="0"/>
  <testcase name="delete" classname="com.example.controller.ArticleControllerTest" time="0"/>
  <testcase name="update" classname="com.example.controller.ArticleControllerTest" time="0"/>
  <testcase name="add" classname="com.example.controller.ArticleControllerTest" time="0"/>
  <testcase name="list" classname="com.example.controller.ArticleControllerTest" time="0.001"/>
</testsuite>